<?xml version="1.0" encoding="utf-8"?><testsuites name="pytest tests"><testsuite name="pytest" errors="0" failures="0" skipped="0" tests="8" time="1.755" timestamp="2026-04-27T14:02:23.861445+00:00" hostname="agent-env-42237f4b-86dd-437c-a4c8-1a600a7e679f"><testcase classname="backend.tests.test_jobtrackr_api" name="test_auth_me_protected_endpoint" time="0.794" /><testcase classname="backend.tests.test_jobtrackr_api" name="test_create_application_and_verify_in_list" time="0.116" /><testcase classname="backend.tests.test_jobtrackr_api" name="test_update_application_status_and_verify" time="0.194" /><testcase classname="backend.tests.test_jobtrackr_api" name="test_detection_parse_with_ai_or_fallback" time="0.200" /><testcase classname="backend.tests.test_jobtrackr_api" name="test_accept_detection_creates_application" time="0.126" /><testcase classname="backend.tests.test_jobtrackr_api" name="test_analytics_endpoint_metrics_shape" time="0.061" /><testcase classname="backend.tests.test_jobtrackr_api" name="test_gmail_config_reports_configured_and_redirect_uri" time="0.061" /><testcase classname="backend.tests.test_jobtrackr_api" name="test_cleanup_created_applications" time="0.114" /></testsuite></testsuites>